Build started 13/10/2017 01:12:52.
     1>Project "C:\Users\Ano\Documents\Visual Studio 2017\Projects\ClassicFramework\Loader\Loader.vcxproj" on node 2 (Rebuild target(s)).
     1>_PrepareForClean:
         Deleting file "Release\Loader.tlog\Loader.lastbuildstate".
     1>C:\Program Files (x86)\MSBuild\Microsoft.Cpp\v4.0\V140\Microsoft.CppBuild.targets(368,5): warning MSB8004: Output Directory does not end with a trailing slash.  This build instance will add the slash as it is required to allow proper evaluation of the Output Directory.
       InitializeBuildStatus:
         Creating "Release\Loader.tlog\unsuccessfulbuild" because "AlwaysCreate" was specified.
       ClCompile:
         C:\Program Files (x86)\Microsoft Visual Studio 14.0\VC\bin\CL.exe /c /Zi /nologo /W3 /WX- /O2 /Oi /Oy- /GL /D _WINDLL /D _UNICODE /D UNICODE /Gm- /EHsc /MD /GS /Gy /fp:precise /Zc:wchar_t /Zc:forScope /Zc:inline /Fo"Release\\" /Fd"Release\vc140.pdb" /Gd /TP /analyze- /errorReport:prompt Main.cpp
         Main.cpp
     1>Main.cpp(155): warning C4996: 'sprintf': This function or variable may be unsafe. Consider using sprintf_s instead. To disable deprecation, use _CRT_SECURE_NO_WARNINGS. See online help for details.
         C:\Program Files (x86)\Windows Kits\10\Include\10.0.10240.0\ucrt\stdio.h(1769): note: see declaration of 'sprintf'
     1>Main.cpp(181): warning C4996: 'wcscpy': This function or variable may be unsafe. Consider using wcscpy_s instead. To disable deprecation, use _CRT_SECURE_NO_WARNINGS. See online help for details.
         C:\Program Files (x86)\Windows Kits\10\Include\10.0.10240.0\ucrt\corecrt_wstring.h(121): note: see declaration of 'wcscpy'
       Link:
         C:\Program Files (x86)\Microsoft Visual Studio 14.0\VC\bin\link.exe /ERRORREPORT:PROMPT /OUT:"..\Release\Internal\Loader.dll" /NOLOGO kernel32.lib user32.lib gdi32.lib winspool.lib comdlg32.lib advapi32.lib shell32.lib ole32.lib oleaut32.lib uuid.lib odbc32.lib odbccp32.lib /MANIFEST /MANIFESTUAC:"level='asInvoker' uiAccess='false'" /manifest:embed /DEBUG /PDB:"..\Release\Internal\Loader.pdb" /OPT:REF /OPT:ICF /LTCG:incremental /TLBID:1 /DYNAMICBASE /NXCOMPAT /IMPLIB:"..\Release\Internal\Loader.lib" /MACHINE:X86 /SAFESEH /DLL Release\Main.obj
         Generating code
         All 128 functions were compiled because no usable IPDB/IOBJ from previous compilation was found.
         Finished generating code
         Loader.vcxproj -> C:\Users\Ano\Documents\Visual Studio 2017\Projects\ClassicFramework\Loader\..\Release\Internal\Loader.dll
         Loader.vcxproj -> ..\Release\Internal\Loader.pdb (Full PDB)
       FinalizeBuildStatus:
         Deleting file "Release\Loader.tlog\unsuccessfulbuild".
         Touching "Release\Loader.tlog\Loader.lastbuildstate".
     1>Done Building Project "C:\Users\Ano\Documents\Visual Studio 2017\Projects\ClassicFramework\Loader\Loader.vcxproj" (Rebuild target(s)).
