c:\users\ano\documents\visual studio 2013\projects\c#_1.12.1_injected_bot\injector\release\injector.pch
c:\users\ano\documents\visual studio 2013\projects\c#_1.12.1_injected_bot\injector\release\vc120.pdb
c:\users\ano\documents\visual studio 2013\projects\c#_1.12.1_injected_bot\injector\release\stdafx.obj
c:\users\ano\documents\visual studio 2013\projects\c#_1.12.1_injected_bot\injector\release\main.obj
c:\users\ano\documents\visual studio 2013\projects\c#_1.12.1_injected_bot\injector\release\injector.obj
c:\users\ano\documents\visual studio 2013\projects\c#_1.12.1_injected_bot\injector\release\inject.obj
c:\users\ano\documents\visual studio 2013\projects\c#_1.12.1_injected_bot\injector\release\assemblyinfo.obj
c:\users\ano\documents\visual studio 2013\projects\c#_1.12.1_injected_bot\injector\release\.netframework,version=v4.0.assemblyattributes.obj
c:\users\ano\documents\visual studio 2013\projects\c#_1.12.1_injected_bot\injector\release\injector.form1.resources
c:\users\ano\documents\visual studio 2013\projects\c#_1.12.1_injected_bot\release\autobaht.exe
c:\users\ano\documents\visual studio 2013\projects\c#_1.12.1_injected_bot\release\injector.pdb
c:\users\ano\documents\visual studio 2013\projects\c#_1.12.1_injected_bot\injector\release\app.res
c:\users\ano\documents\visual studio 2013\projects\c#_1.12.1_injected_bot\injector\release\injector.vcxproj.generateresource.cache
c:\users\ano\documents\visual studio 2013\projects\c#_1.12.1_injected_bot\injector\release\injector.tlog\cl.command.1.tlog
c:\users\ano\documents\visual studio 2013\projects\c#_1.12.1_injected_bot\injector\release\injector.tlog\cl.read.1.tlog
c:\users\ano\documents\visual studio 2013\projects\c#_1.12.1_injected_bot\injector\release\injector.tlog\cl.write.1.tlog
c:\users\ano\documents\visual studio 2013\projects\c#_1.12.1_injected_bot\injector\release\injector.tlog\injector.write.1u.tlog
c:\users\ano\documents\visual studio 2013\projects\c#_1.12.1_injected_bot\injector\release\injector.tlog\link.command.1.tlog
c:\users\ano\documents\visual studio 2013\projects\c#_1.12.1_injected_bot\injector\release\injector.tlog\link.read.1.tlog
c:\users\ano\documents\visual studio 2013\projects\c#_1.12.1_injected_bot\injector\release\injector.tlog\link.write.1.tlog
c:\users\ano\documents\visual studio 2013\projects\c#_1.12.1_injected_bot\injector\release\injector.tlog\metagen.read.1.tlog
c:\users\ano\documents\visual studio 2013\projects\c#_1.12.1_injected_bot\injector\release\injector.tlog\metagen.write.1.tlog
c:\users\ano\documents\visual studio 2013\projects\c#_1.12.1_injected_bot\injector\release\injector.tlog\rc.command.1.tlog
c:\users\ano\documents\visual studio 2013\projects\c#_1.12.1_injected_bot\injector\release\injector.tlog\rc.read.1.tlog
c:\users\ano\documents\visual studio 2013\projects\c#_1.12.1_injected_bot\injector\release\injector.tlog\rc.write.1.tlog
c:\users\ano\documents\visual studio 2013\projects\c#_1.12.1_injected_bot\injector\release\injector.tlog\rsaenh.dll.bi
c:\users\ano\documents\visual studio 2013\projects\c#_1.12.1_injected_bot\injector\release\injector.tlog\tzres.dll.bi
