c:\users\ano\documents\visual studio 2013\projects\c++_fastcalldll\fastcalldll\debug\fastcalldll.pch
c:\users\ano\documents\visual studio 2013\projects\c++_fastcalldll\fastcalldll\debug\vc120.pdb
c:\users\ano\documents\visual studio 2013\projects\c++_fastcalldll\fastcalldll\debug\vc120.idb
c:\users\ano\documents\visual studio 2013\projects\c++_fastcalldll\fastcalldll\debug\stdafx.obj
c:\users\ano\documents\visual studio 2013\projects\c++_fastcalldll\fastcalldll\debug\dllmain.obj
c:\users\ano\documents\visual studio 2013\projects\c++_fastcalldll\fastcalldll\debug\fastcalldll.obj
c:\users\ano\documents\visual studio 2013\projects\c++_fastcalldll\debug\fastcalldll.lib
c:\users\ano\documents\visual studio 2013\projects\c++_fastcalldll\debug\fastcalldll.exp
c:\users\ano\documents\visual studio 2013\projects\c#_1.12.1_injected_bot\release\fastcalldll.lib
c:\users\ano\documents\visual studio 2013\projects\c#_1.12.1_injected_bot\release\fastcalldll.exp
c:\users\ano\documents\visual studio 2013\projects\c#_1.12.1_injected_bot\release\fastcalldll.ilk
c:\users\ano\documents\visual studio 2013\projects\c#_1.12.1_injected_bot\release\fastcalldll.dll
c:\users\ano\documents\visual studio 2013\projects\c#_1.12.1_injected_bot\release\fastcalldll.pdb
c:\users\ano\documents\visual studio 2013\projects\c#_1.12.1_injected_bot\fastcalldll\debug\dllmain.obj
c:\users\ano\documents\visual studio 2013\projects\c#_1.12.1_injected_bot\fastcalldll\debug\fastcalldll.obj
c:\users\ano\documents\visual studio 2013\projects\c#_1.12.1_injected_bot\fastcalldll\debug\stdafx.obj
c:\users\ano\documents\visual studio 2013\projects\c#_1.12.1_injected_bot\fastcalldll\debug\fastcalldll.pch
c:\users\ano\documents\visual studio 2013\projects\c#_1.12.1_injected_bot\fastcalldll\debug\vc120.idb
c:\users\ano\documents\visual studio 2013\projects\c#_1.12.1_injected_bot\fastcalldll\debug\vc120.pdb
c:\users\ano\documents\visual studio 2013\projects\c#_1.12.1_injected_bot\fastcalldll\debug\fastcalldll.tlog\cl.command.1.tlog
c:\users\ano\documents\visual studio 2013\projects\c#_1.12.1_injected_bot\fastcalldll\debug\fastcalldll.tlog\cl.read.1.tlog
c:\users\ano\documents\visual studio 2013\projects\c#_1.12.1_injected_bot\fastcalldll\debug\fastcalldll.tlog\cl.write.1.tlog
c:\users\ano\documents\visual studio 2013\projects\c#_1.12.1_injected_bot\fastcalldll\debug\fastcalldll.tlog\fastcalldll.write.1u.tlog
c:\users\ano\documents\visual studio 2013\projects\c#_1.12.1_injected_bot\fastcalldll\debug\fastcalldll.tlog\link.command.1.tlog
c:\users\ano\documents\visual studio 2013\projects\c#_1.12.1_injected_bot\fastcalldll\debug\fastcalldll.tlog\link.read.1.tlog
c:\users\ano\documents\visual studio 2013\projects\c#_1.12.1_injected_bot\fastcalldll\debug\fastcalldll.tlog\link.write.1.tlog
