Build started 13/10/2017 01:12:56.
     1>Project "C:\Users\Ano\Documents\Visual Studio 2017\Projects\ClassicFramework\FastCallDll\FastCallDll.vcxproj" on node 2 (Rebuild target(s)).
     1>_PrepareForClean:
         Deleting file "Release\FastCallDll.tlog\FastCallDll.lastbuildstate".
     1>C:\Program Files (x86)\MSBuild\Microsoft.Cpp\v4.0\V140\Microsoft.CppBuild.targets(368,5): warning MSB8004: Output Directory does not end with a trailing slash.  This build instance will add the slash as it is required to allow proper evaluation of the Output Directory.
       InitializeBuildStatus:
         Creating "Release\FastCallDll.tlog\unsuccessfulbuild" because "AlwaysCreate" was specified.
       ClCompile:
         C:\Program Files (x86)\Microsoft Visual Studio 14.0\VC\bin\CL.exe /c /Zi /nologo /W3 /WX- /sdl /O2 /Oi /Oy- /GL /D WIN32 /D NDEBUG /D _WINDOWS /D _USRDLL /D _CRT_SECURE_NO_DEPRECATE /D FASTCALLDLL_EXPORTS /D _WINDLL /D _UNICODE /D UNICODE /Gm- /EHsc /MD /GS /Gy /fp:precise /Zc:wchar_t /Zc:forScope /Zc:inline /Fo"Release\\" /Fd"Release\vc140.pdb" /Gd /TP /analyze- /errorReport:prompt dllmain.cpp
         dllmain.cpp
     1>dllmain.cpp(72): warning C4091: 'typedef ': ignored on left of 'XYZXYZ' when no variable is declared
     1>dllmain.cpp(73): warning C4091: 'typedef ': ignored on left of 'Intersection' when no variable is declared
       Link:
         C:\Program Files (x86)\Microsoft Visual Studio 14.0\VC\bin\link.exe /ERRORREPORT:PROMPT /OUT:"..\Release\Internal\FastCallDll.dll" /INCREMENTAL:NO /NOLOGO kernel32.lib user32.lib gdi32.lib winspool.lib comdlg32.lib advapi32.lib shell32.lib ole32.lib oleaut32.lib uuid.lib odbc32.lib odbccp32.lib /MANIFEST /MANIFESTUAC:"level='asInvoker' uiAccess='false'" /manifest:embed /DEBUG /PDB:"..\Release\Internal\FastCallDll.pdb" /SUBSYSTEM:WINDOWS /OPT:REF /OPT:ICF /LTCG:incremental /TLBID:1 /DYNAMICBASE /NXCOMPAT /IMPLIB:"..\Release\Internal\FastCallDll.lib" /MACHINE:X86 /SAFESEH /DLL Release\dllmain.obj
            Creating library ..\Release\Internal\FastCallDll.lib and object ..\Release\Internal\FastCallDll.exp
         Generating code
         All 13 functions were compiled because no usable IPDB/IOBJ from previous compilation was found.
         Finished generating code
         FastCallDll.vcxproj -> C:\Users\Ano\Documents\Visual Studio 2017\Projects\ClassicFramework\FastCallDll\..\Release\Internal\FastCallDll.dll
         FastCallDll.vcxproj -> ..\Release\Internal\FastCallDll.pdb (Full PDB)
       FinalizeBuildStatus:
         Deleting file "Release\FastCallDll.tlog\unsuccessfulbuild".
         Touching "Release\FastCallDll.tlog\FastCallDll.lastbuildstate".
     1>Done Building Project "C:\Users\Ano\Documents\Visual Studio 2017\Projects\ClassicFramework\FastCallDll\FastCallDll.vcxproj" (Rebuild target(s)).
